<?xml version="1.0" encoding="UTF-8"?>
<!-- Generated by org.testng.reporters.JUnitReportReporter -->
<testsuite hostname="hp-PC" failures="0" tests="1" name="testscript.logon.LogOn" time="55.706" errors="0" timestamp="14 Apr 2020 18:00:54 GMT" skipped="0">
  <testcase classname="testscript.logon.LogOn" name="logOn" time="55.706"/>
</testsuite> <!-- testscript.logon.LogOn -->
