<?xml version="1.0" encoding="UTF-8"?>
<!-- Generated by org.testng.reporters.JUnitReportReporter -->
<testsuite hostname="hp-PC" failures="0" tests="1" name="com.delite.testscript.DELiteApp_TestScript" time="119.805" errors="0" timestamp="15 Apr 2020 12:05:51 GMT" skipped="0">
  <testcase classname="com.delite.testscript.DELiteApp_TestScript" name="deliteAppTestScript" time="119.805"/>
</testsuite> <!-- com.delite.testscript.DELiteApp_TestScript -->
